<?xml version="1.0" encoding="UTF-8"?>
<!-- Generated by org.testng.reporters.JUnitXMLReporter -->
<testsuite hostname="C02YT126LVDR" ignored="0" name="simplilearn1" tests="1" failures="1" timestamp="2020-07-28T23:53:27 SGT" time="4.445" errors="0">
  <testcase name="@AfterClass afterClass" time="0.258" classname="test.BaseTest">
    <failure type="java.lang.NullPointerException">
      <![CDATA[java.lang.NullPointerException
at test.BaseTest.afterClass(BaseTest.java:44)
at java.util.ArrayList.forEach(ArrayList.java:1257)
... Removed 24 stack frames]]>
    </failure>
  </testcase> <!-- @AfterClass afterClass -->
  <testcase name="testSearch" time="0.014" classname="test.SearchBusTest">
    <failure type="java.lang.AssertionError" message="test failed">
      <![CDATA[java.lang.AssertionError: test failed
at test.SearchBusTest.testSearch(SearchBusTest.java:20)
at java.util.ArrayList.forEach(ArrayList.java:1257)
... Removed 27 stack frames]]>
    </failure>
  </testcase> <!-- testSearch -->
</testsuite> <!-- simplilearn1 -->
