<?xml version="1.0" encoding="UTF-8"?>
<!-- Generated by org.testng.reporters.JUnitXMLReporter -->
<testsuite hostname="C02YT126LVDR" ignored="0" name="Test Basics 1" tests="1" failures="1" timestamp="2020-08-01T21:18:03 SGT" time="3.785" errors="0">
  <testcase name="testSearch" time="0.004" classname="test.SearchBusTest">
    <failure type="java.lang.AssertionError" message="did not expect to find [true] but found [false]">
      <![CDATA[java.lang.AssertionError: did not expect to find [true] but found [false]
at test.SearchBusTest.testSearch(SearchBusTest.java:20)
at java.util.ArrayList.forEach(ArrayList.java:1257)
... Removed 30 stack frames]]>
    </failure>
  </testcase> <!-- testSearch -->
</testsuite> <!-- Test Basics 1 -->
